[2023-12-02 21:45:48] [ ERROR] [ExceptionController:21] DataIntegrityViolationException: could not execute query; SQL [select tour0_.id as id1_6_, tour0_.alojamiento_id as alojami16_6_, tour0_.categoria_id as categor17_6_, tour0_.dificultad as dificult2_6_, tour0_.duracion as duracion3_6_, tour0_.entradas as entradas4_6_, tour0_.guia as guia5_6_, tour0_.itinerario as itinerar6_6_, tour0_.pasajes as pasajes7_6_, tour0_.precio_adulto as precio_a8_6_, tour0_.precio_base as precio_b9_6_, tour0_.precio_menor as precio_10_6_, tour0_.rating as rating11_6_, tour0_.sub_titulo as sub_tit12_6_, tour0_.titulo as titulo13_6_, tour0_.transporte as transpo14_6_, tour0_.traslado as traslad15_6_ from tour tour0_]; nested exception is org.hibernate.exception.DataException: could not execute query
[2023-12-03 08:23:06] [ ERROR] [ExceptionController:21] AmazonS3Exception: The specified bucket does not exist (Service: Amazon S3; Status Code: 404; Error Code: NoSuchBucket; Request ID: X7HCGYE8EMS82GAX; S3 Extended Request ID: 9OA+S4e/eGFIkrS1d4W2569ctfaeTd2qT5rRaJdxS8skFCb6si8VPEgoTRyjHEVMrqeAHVoA3iwrCWmlzetYKQ==; Proxy: null)
[2023-12-03 08:24:33] [ ERROR] [ExceptionController:21] InvalidDataAccessApiUsageException: org.hibernate.TransientObjectException: object references an unsaved transient instance - save the transient instance before flushing: com.viajecito.api.model.Imagen; nested exception is java.lang.IllegalStateException: org.hibernate.TransientObjectException: object references an unsaved transient instance - save the transient instance before flushing: com.viajecito.api.model.Imagen
[2023-12-03 08:35:38] [ ERROR] [ExceptionController:21] InvalidDataAccessApiUsageException: org.hibernate.TransientObjectException: object references an unsaved transient instance - save the transient instance before flushing: com.viajecito.api.model.Imagen; nested exception is java.lang.IllegalStateException: org.hibernate.TransientObjectException: object references an unsaved transient instance - save the transient instance before flushing: com.viajecito.api.model.Imagen
[2023-12-03 08:37:47] [ ERROR] [ExceptionController:21] InvalidDataAccessApiUsageException: org.hibernate.TransientObjectException: object references an unsaved transient instance - save the transient instance before flushing: com.viajecito.api.model.Imagen; nested exception is java.lang.IllegalStateException: org.hibernate.TransientObjectException: object references an unsaved transient instance - save the transient instance before flushing: com.viajecito.api.model.Imagen
[2023-12-03 09:23:00] [ ERROR] [ExceptionController:21] IncorrectResultSizeDataAccessException: query did not return a unique result: 10; nested exception is javax.persistence.NonUniqueResultException: query did not return a unique result: 10
[2023-12-03 09:36:53] [ ERROR] [ExceptionController:34] BadRuntimeException FALTAN DATOS: El parámetro 'imagenes' es obligatorio
[2023-12-03 09:39:43] [ ERROR] [ExceptionController:21] IncorrectResultSizeDataAccessException: query did not return a unique result: 14; nested exception is javax.persistence.NonUniqueResultException: query did not return a unique result: 14
[2023-12-03 10:03:07] [ ERROR] [ExceptionController:21] IncorrectResultSizeDataAccessException: query did not return a unique result: 22; nested exception is javax.persistence.NonUniqueResultException: query did not return a unique result: 22
[2023-12-03 10:03:10] [ ERROR] [ExceptionController:21] IncorrectResultSizeDataAccessException: query did not return a unique result: 22; nested exception is javax.persistence.NonUniqueResultException: query did not return a unique result: 22
[2023-12-03 10:22:33] [ ERROR] [ExceptionController:21] IncorrectResultSizeDataAccessException: query did not return a unique result: 27; nested exception is javax.persistence.NonUniqueResultException: query did not return a unique result: 27
[2023-12-03 10:42:38] [ ERROR] [ExceptionController:21] IncorrectResultSizeDataAccessException: query did not return a unique result: 37; nested exception is javax.persistence.NonUniqueResultException: query did not return a unique result: 37
[2023-12-03 10:46:06] [ ERROR] [ExceptionController:21] IncorrectResultSizeDataAccessException: query did not return a unique result: 37; nested exception is javax.persistence.NonUniqueResultException: query did not return a unique result: 37
[2023-12-03 10:46:08] [ ERROR] [ExceptionController:21] IncorrectResultSizeDataAccessException: query did not return a unique result: 37; nested exception is javax.persistence.NonUniqueResultException: query did not return a unique result: 37
[2023-12-03 10:46:11] [ ERROR] [ExceptionController:21] IncorrectResultSizeDataAccessException: query did not return a unique result: 37; nested exception is javax.persistence.NonUniqueResultException: query did not return a unique result: 37
[2023-12-03 10:46:20] [ ERROR] [ExceptionController:21] IncorrectResultSizeDataAccessException: query did not return a unique result: 37; nested exception is javax.persistence.NonUniqueResultException: query did not return a unique result: 37
[2023-12-03 10:46:39] [ ERROR] [ExceptionController:21] IncorrectResultSizeDataAccessException: query did not return a unique result: 37; nested exception is javax.persistence.NonUniqueResultException: query did not return a unique result: 37
[2023-12-03 10:53:26] [ ERROR] [ExceptionController:21] IncorrectResultSizeDataAccessException: query did not return a unique result: 37; nested exception is javax.persistence.NonUniqueResultException: query did not return a unique result: 37
[2023-12-03 10:53:29] [ ERROR] [ExceptionController:21] IncorrectResultSizeDataAccessException: query did not return a unique result: 37; nested exception is javax.persistence.NonUniqueResultException: query did not return a unique result: 37
[2023-12-03 19:37:23] [ ERROR] [ExceptionController:21] MethodArgumentTypeMismatchException: Failed to convert value of type 'java.lang.String' to required type 'java.util.List'; nested exception is java.lang.NumberFormatException: For input string: """"
[2023-12-03 19:38:15] [ ERROR] [ExceptionController:21] NullPointerException: Cannot invoke "com.viajecito.api.model.Salida.getActivo()" because "salida" is null
