[2023-10-21 15:11:21] [ ERROR] [DireccionController:53] ERROR: ACCIÓN NO REALIZADA:Ya existe una dirección con los datos ingresados
[2023-10-21 15:12:30] [ ERROR] [DireccionController:53] ERROR: INFORMACIÓN: No existe la dirección detallada
[2023-10-21 17:58:50] [ ERROR] [DireccionController:53] ERROR: INFORMACIÓN: La lista de direcciones se encuentra vacía
[2023-10-22 16:11:32] [ ERROR] [DireccionController:53] ERROR: INFORMACIÓN: La lista de direcciones se encuentra vacía
[2023-10-22 16:12:49] [ ERROR] [DireccionController:53] ERROR: ACCIÓN NO REALIZADA:Ya existe una dirección con los datos ingresados
[2023-10-22 16:13:13] [ ERROR] [DireccionController:53] ERROR: ACCIÓN NO REALIZADA:Ya existe una dirección con los datos ingresados
[2023-10-22 16:13:30] [ ERROR] [DireccionController:53] ERROR: INFORMACIÓN: No existe la dirección detallada
[2023-10-22 17:20:10] [ ERROR] [DireccionController:53] ERROR: INFORMACIÓN: La lista de direcciones se encuentra vacía
[2023-10-22 18:23:44] [ ERROR] [ActividadController:55] ERROR: INFORMACIÓN: La lista de actividades se encuentra vacía
[2023-10-22 18:23:55] [ ERROR] [ActividadController:55] ERROR: ACCIÓN NO REALIZADA: Ya existe una dirección con los datos ingresados
[2023-10-22 18:41:39] [ ERROR] [ActividadController:55] ERROR: INFORMACIÓN: La lista de actividades se encuentra vacía
[2023-10-22 18:57:38] [ ERROR] [ActividadController:55] ERROR: INFORMACIÓN: La lista de actividades se encuentra vacía
[2023-10-22 19:12:17] [ ERROR] [DireccionController:54] ERROR: ACCIÓN NO REALIZADA: No existe la dirección a borrar
[2023-10-22 20:07:37] [ ERROR] [ActividadController:55] ERROR: INFORMACIÓN: La lista de actividades se encuentra vacía
[2023-10-22 20:46:21] [ ERROR] [ActividadController:55] ERROR: INFORMACIÓN: La lista de actividades se encuentra vacía
[2023-10-22 20:57:48] [ ERROR] [ActividadController:55] ERROR: INFORMACIÓN: La lista de actividades se encuentra vacía
[2023-10-22 21:07:21] [ ERROR] [DireccionController:54] ERROR: INFORMACIÓN: La lista de direcciones se encuentra vacía
[2023-10-22 21:13:02] [ ERROR] [DireccionController:54] ERROR: INFORMACIÓN: La lista de direcciones se encuentra vacía
[2023-10-22 21:14:39] [ ERROR] [DireccionController:54] ERROR: INFORMACIÓN: La lista de direcciones se encuentra vacía
[2023-10-22 21:19:13] [ ERROR] [DireccionController:54] ERROR: INFORMACIÓN: La lista de direcciones se encuentra vacía
[2023-10-22 21:21:23] [ ERROR] [DireccionController:54] ERROR: INFORMACIÓN: La lista de direcciones se encuentra vacía
[2023-10-22 21:23:03] [ ERROR] [DireccionController:54] ERROR: INFORMACIÓN: La lista de direcciones se encuentra vacía
[2023-10-22 21:23:10] [ ERROR] [DireccionController:54] ERROR: INFORMACIÓN: La lista de direcciones se encuentra vacía
[2023-10-22 21:30:42] [ ERROR] [DireccionController:54] ERROR: INFORMACIÓN: La lista de direcciones se encuentra vacía
[2023-10-22 21:37:35] [ ERROR] [DireccionController:54] ERROR: INFORMACIÓN: La lista de direcciones se encuentra vacía
[2023-10-22 21:47:53] [ ERROR] [DireccionController:54] ERROR: INFORMACIÓN: La lista de direcciones se encuentra vacía
[2023-10-22 21:50:46] [ ERROR] [DireccionController:54] ERROR: INFORMACIÓN: La lista de direcciones se encuentra vacía
[2023-10-22 21:59:41] [ ERROR] [ActividadController:55] ERROR: ACCIÓN NO REALIZADA: Ya existe una actividad con los datos ingresados
[2023-10-22 22:08:41] [ ERROR] [DireccionController:54] ERROR: INFORMACIÓN: La lista de direcciones se encuentra vacía
[2023-10-22 22:11:11] [ ERROR] [ActividadController:55] ERROR: ACCIÓN NO REALIZADA: Ya existe una actividad con los datos ingresados
[2023-10-22 22:13:48] [ ERROR] [ActividadController:55] ERROR: ACCIÓN NO REALIZADA: Ya existe una actividad con los datos ingresados
[2023-10-23 11:42:56] [ ERROR] [AlojamientoController:35] ERROR: INFORMACIÓN: La lista de alojamientos se encuentra vacía
[2023-10-23 11:43:05] [ ERROR] [AlojamientoController:35] ERROR: ACCIÓN NO REALIZADA: Ya existe un alojamiento con los datos ingresados
[2023-10-23 11:56:09] [ ERROR] [AlojamientoController:35] ERROR: INFORMACIÓN: La lista de alojamientos se encuentra vacía
[2023-10-23 11:56:12] [ ERROR] [AlojamientoController:35] ERROR: ACCIÓN NO REALIZADA: Ya existe un alojamiento con los datos ingresados
[2023-10-23 12:07:53] [ ERROR] [DireccionController:54] ERROR: INFORMACIÓN: La lista de direcciones se encuentra vacía
[2023-10-23 12:08:44] [ ERROR] [AlojamientoController:35] ERROR: ACCIÓN NO REALIZADA: Ya existe un alojamiento con los datos ingresados
[2023-10-23 12:34:43] [ ERROR] [AlojamientoController:35] ERROR: ACCIÓN NO REALIZADA: Ya existe un alojamiento con los datos ingresados
[2023-10-23 12:34:57] [ ERROR] [AlojamientoController:35] ERROR: ACCIÓN NO REALIZADA: Ya existe un alojamiento con los datos ingresados
[2023-10-23 15:53:08] [ ERROR] [ActividadController:55] ERROR EN ACTIVIDAD: INFORMACIÓN: La lista de actividades se encuentra vacía
[2023-10-23 16:02:59] [ ERROR] [AlojamientoController:43] ERROR EN ALOJAMIENTO: ACCIÓN NO REALIZADA: Ya existe un alojamiento con los datos ingresados
[2023-10-23 16:07:44] [ ERROR] [ActividadController:55] ERROR EN TOUR: INFORMACIÓN: La lista de tours se encuentra vacía
[2023-10-24 10:31:40] [ ERROR] [DireccionController:54] ERROR EN DIRECCION: INFORMACIÓN: La lista de direcciones se encuentra vacía
[2023-10-24 12:21:45] [ ERROR] [DireccionController:54] ERROR EN DIRECCION: INFORMACIÓN: La lista de direcciones se encuentra vacía
[2023-10-24 13:00:48] [ ERROR] [ActividadController:85] ERROR EN ACTIVIDAD: ACCIÓN NO REALIZADA: Ya existe una actividad con los datos ingresados
[2023-10-24 13:20:00] [ ERROR] [ActividadController:85] ERROR EN ACTIVIDAD: ACCIÓN NO REALIZADA: Ya existe una actividad con los datos ingresados
[2023-10-24 16:03:52] [ ERROR] [DireccionController:54] ERROR EN DIRECCION: ACCIÓN NO REALIZADA: Ya existe una direccion con los datos ingresados
[2023-10-31 22:51:27] [ ERROR] [DireccionController:67] ERROR EN IMAGEN: ERROR AL GUARDAR IMAGEN: Se superó el tamaño máximo permitido
[2023-10-31 22:58:07] [ ERROR] [DireccionController:60] ERROR EN IMAGEN: ERROR AL GUARDAR IMAGEN: Se superó el tamaño máximo permitido
[2023-10-31 22:59:14] [ ERROR] [DireccionController:60] ERROR EN IMAGEN: ERROR AL GUARDAR IMAGEN: Se superó el tamaño máximo permitido
[2023-10-31 23:08:16] [ ERROR] [DireccionController:60] ERROR EN IMAGEN: ERROR AL GUARDAR IMAGEN: Se superó el tamaño máximo permitido
[2023-10-31 23:10:38] [ ERROR] [DireccionController:60] ERROR EN IMAGEN: ERROR AL GUARDAR IMAGEN: Se superó el tamaño máximo permitido
[2023-10-31 23:12:33] [ ERROR] [DireccionController:60] ERROR EN IMAGEN: ERROR AL GUARDAR IMAGEN: Se superó el tamaño máximo permitido 1920x1080 
[2023-11-02 19:50:08] [ ERROR] [DireccionController:60] ERROR EN IMAGEN: ERROR AL GUARDAR IMAGEN: Se superó el tamaño máximo permitido 1920x1080 
[2023-11-02 20:20:28] [ ERROR] [DireccionController:61] ERROR EN IMAGEN: ERROR AL GUARDAR IMAGEN: Se superó el tamaño máximo permitido 1920x1080 
[2023-11-02 20:27:59] [ ERROR] [DireccionController:61] ERROR EN IMAGEN: ERROR AL GUARDAR IMAGEN: Se superó el tamaño máximo permitido 1920x1080 
[2023-11-02 21:19:24] [ ERROR] [ExceptionController:16] ERROR en BadRequestException: AGREGAR: Una o más imágenes no son válidas
[2023-11-02 21:40:37] [ ERROR] [ExceptionController:16] ERROR en NullPointerException: Cannot invoke "java.util.List.add(Object)" because "contenidoImagenes" is null
[2023-11-02 21:48:26] [ ERROR] [ExceptionController:16] ERROR en HttpMessageNotWritableException: No converter for [class java.util.ArrayList] with preset Content-Type 'image/jpeg'
[2023-11-02 21:50:50] [ ERROR] [ExceptionController:16] ERROR en HttpMessageNotWritableException: No converter for [class java.util.ArrayList] with preset Content-Type 'image/jpeg'
[2023-11-03 01:07:47] [ ERROR] [ExceptionController:18] DataIntegrityViolationException: not-null property references a null or transient value : com.viajecito.api.model.Categoria.tour; nested exception is org.hibernate.PropertyValueException: not-null property references a null or transient value : com.viajecito.api.model.Categoria.tour
[2023-11-03 01:09:58] [ ERROR] [ExceptionController:18] DataIntegrityViolationException: not-null property references a null or transient value : com.viajecito.api.model.Categoria.tour; nested exception is org.hibernate.PropertyValueException: not-null property references a null or transient value : com.viajecito.api.model.Categoria.tour
[2023-11-03 01:15:22] [ ERROR] [ExceptionController:18] IllegalArgumentException: Cannot construct instance of `com.viajecito.api.model.Categoria` (although at least one Creator exists): no long/Long-argument constructor/factory method to deserialize from Number value (1)
 at [Source: UNKNOWN; byte offset: #UNKNOWN] (through reference chain: com.viajecito.api.model.Tour["categoria"])
[2023-11-03 01:29:49] [ ERROR] [ExceptionController:39] BadRuntimeException FALTAN PARAMETROS: El parámetro 'categoria' es obligatorio
[2023-11-03 01:30:44] [ ERROR] [ExceptionController:39] BadRuntimeException FALTAN PARAMETROS: El parámetro 'categoria' es obligatorio
[2023-11-03 01:30:52] [ ERROR] [ExceptionController:19] IllegalArgumentException: Cannot deserialize value of type `java.lang.Long` from Object value (token `JsonToken.START_OBJECT`)
 at [Source: UNKNOWN; byte offset: #UNKNOWN] (through reference chain: com.viajecito.api.dto.TourDTO["categoria"])
[2023-11-03 01:31:19] [ ERROR] [ExceptionController:19] IllegalArgumentException: Cannot deserialize value of type `java.lang.Long` from Object value (token `JsonToken.START_OBJECT`)
 at [Source: UNKNOWN; byte offset: #UNKNOWN] (through reference chain: com.viajecito.api.dto.TourDTO["categoria"])
[2023-11-03 01:41:15] [ ERROR] [ExceptionController:19] IllegalArgumentException: Cannot deserialize value of type `java.lang.Long` from Object value (token `JsonToken.START_OBJECT`)
 at [Source: UNKNOWN; byte offset: #UNKNOWN] (through reference chain: com.viajecito.api.dto.TourDTO["categoria"])
[2023-11-03 01:45:31] [ ERROR] [ExceptionController:19] IllegalArgumentException: Cannot deserialize value of type `java.lang.Long` from Object value (token `JsonToken.START_OBJECT`)
 at [Source: UNKNOWN; byte offset: #UNKNOWN] (through reference chain: com.viajecito.api.dto.TourDTO["categoria"])
[2023-11-03 01:54:42] [ ERROR] [ExceptionController:19] IllegalArgumentException: Cannot construct instance of `com.viajecito.api.model.Categoria` (although at least one Creator exists): no long/Long-argument constructor/factory method to deserialize from Number value (1)
 at [Source: UNKNOWN; byte offset: #UNKNOWN] (through reference chain: com.viajecito.api.model.Tour["categoria"])
[2023-11-03 01:58:06] [ ERROR] [ExceptionController:19] IllegalArgumentException: Cannot deserialize value of type `java.lang.Long` from Object value (token `JsonToken.START_OBJECT`)
 at [Source: UNKNOWN; byte offset: #UNKNOWN] (through reference chain: com.viajecito.api.dto.TourDTO["categoria"])
[2023-11-03 18:23:50] [ ERROR] [ExceptionController:32] BadRuntimeException FALTAN DATOS: El parámetro 'imagenes' es obligatorio
[2023-11-03 18:24:03] [ ERROR] [ExceptionController:19] InvalidDataAccessApiUsageException: org.hibernate.TransientPropertyValueException: object references an unsaved transient instance - save the transient instance before flushing : com.viajecito.api.model.Tour.categoria -> com.viajecito.api.model.Categoria; nested exception is java.lang.IllegalStateException: org.hibernate.TransientPropertyValueException: object references an unsaved transient instance - save the transient instance before flushing : com.viajecito.api.model.Tour.categoria -> com.viajecito.api.model.Categoria
[2023-11-03 18:27:31] [ ERROR] [ExceptionController:19] InvalidDataAccessApiUsageException: org.hibernate.TransientPropertyValueException: object references an unsaved transient instance - save the transient instance before flushing : com.viajecito.api.model.Tour.categoria -> com.viajecito.api.model.Categoria; nested exception is java.lang.IllegalStateException: org.hibernate.TransientPropertyValueException: object references an unsaved transient instance - save the transient instance before flushing : com.viajecito.api.model.Tour.categoria -> com.viajecito.api.model.Categoria
[2023-11-03 18:44:52] [ ERROR] [ExceptionController:19] IllegalArgumentException: Cannot deserialize value of type `java.lang.Long` from Object value (token `JsonToken.START_OBJECT`)
 at [Source: UNKNOWN; byte offset: #UNKNOWN] (through reference chain: com.viajecito.api.dto.TourDTO["categoria"])
[2023-11-03 18:51:38] [ ERROR] [ExceptionController:19] IllegalArgumentException: Cannot deserialize value of type `java.lang.Long` from Object value (token `JsonToken.START_OBJECT`)
 at [Source: UNKNOWN; byte offset: #UNKNOWN] (through reference chain: com.viajecito.api.dto.TourDTO["categoria"])
[2023-11-03 19:02:05] [ ERROR] [ExceptionController:19] IllegalArgumentException: Cannot deserialize value of type `java.lang.Long` from Object value (token `JsonToken.START_OBJECT`)
 at [Source: UNKNOWN; byte offset: #UNKNOWN] (through reference chain: com.viajecito.api.dto.TourDTO["categoria"])
[2023-11-03 19:05:23] [ ERROR] [ExceptionController:19] IllegalArgumentException: Cannot deserialize value of type `java.lang.Long` from Object value (token `JsonToken.START_OBJECT`)
 at [Source: UNKNOWN; byte offset: #UNKNOWN] (through reference chain: com.viajecito.api.dto.TourDTO["categoria"])
[2023-11-03 19:54:14] [ ERROR] [ExceptionController:19] MethodArgumentTypeMismatchException: Failed to convert value of type 'java.lang.String' to required type 'java.util.List'; nested exception is java.lang.NumberFormatException: For input string: "[1,2]"
[2023-11-03 19:55:07] [ ERROR] [ExceptionController:25] BadRequestException: Una o más imágenes no son válidas.
[2023-11-03 19:55:19] [ ERROR] [ExceptionController:19] DataIntegrityViolationException: could not execute statement; SQL [n/a]; constraint [null]; nested exception is org.hibernate.exception.ConstraintViolationException: could not execute statement
[2023-11-03 20:01:47] [ ERROR] [ExceptionController:19] HttpMessageNotReadableException: JSON parse error: Cannot deserialize value of type `java.time.LocalDateTime` from String "01/05/2023 16:00": Failed to deserialize java.time.LocalDateTime: (java.time.format.DateTimeParseException) Text '01/05/2023 16:00' could not be parsed at index 0; nested exception is com.fasterxml.jackson.databind.exc.InvalidFormatException: Cannot deserialize value of type `java.time.LocalDateTime` from String "01/05/2023 16:00": Failed to deserialize java.time.LocalDateTime: (java.time.format.DateTimeParseException) Text '01/05/2023 16:00' could not be parsed at index 0
 at [Source: (org.springframework.util.StreamUtils$NonClosingInputStream); line: 3, column: 18] (through reference chain: com.viajecito.api.dto.ActividadDTO["fechaHora"])
[2023-11-03 20:08:22] [ ERROR] [ExceptionController:39] BadRuntimeException FALTAN PARAMETROS: El parámetro 'nombre' es obligatorio
[2023-11-03 20:08:35] [ ERROR] [ExceptionController:39] BadRuntimeException FALTAN PARAMETROS: El parámetro 'nombre' es obligatorio
[2023-11-04 17:39:21] [ ERROR] [ExceptionController:25] BadRequestException: INFORMACIÓN: La lista de actividades se encuentra vacía
[2023-11-04 18:03:14] [ ERROR] [ExceptionController:39] BadRuntimeException FALTAN PARAMETROS: El parámetro 'nombre' es obligatorio
[2023-11-04 18:32:20] [ ERROR] [ExceptionController:19] RuntimeException: com.viajecito.api.exception.BadRequestException: Se superó el tamaño máximo permitido 1920x1080.
[2023-11-04 19:47:55] [ ERROR] [ExceptionController:39] BadRuntimeException FALTAN PARAMETROS: El parámetro 'guia' es obligatorio
[2023-11-06 20:44:40] [ ERROR] [ExceptionController:19] MethodArgumentTypeMismatchException: Failed to convert value of type 'java.lang.String' to required type 'java.lang.Long'; nested exception is java.lang.NumberFormatException: For input string: "undefined"
[2023-11-06 20:44:40] [ ERROR] [ExceptionController:19] MethodArgumentTypeMismatchException: Failed to convert value of type 'java.lang.String' to required type 'java.lang.Long'; nested exception is java.lang.NumberFormatException: For input string: "undefined"
[2023-11-06 20:44:40] [ ERROR] [ExceptionController:19] MethodArgumentTypeMismatchException: Failed to convert value of type 'java.lang.String' to required type 'java.lang.Long'; nested exception is java.lang.NumberFormatException: For input string: "undefined"
[2023-11-06 20:44:40] [ ERROR] [ExceptionController:19] MethodArgumentTypeMismatchException: Failed to convert value of type 'java.lang.String' to required type 'java.lang.Long'; nested exception is java.lang.NumberFormatException: For input string: "undefined"
[2023-11-06 20:44:40] [ ERROR] [ExceptionController:19] MethodArgumentTypeMismatchException: Failed to convert value of type 'java.lang.String' to required type 'java.lang.Long'; nested exception is java.lang.NumberFormatException: For input string: "undefined"
[2023-11-06 20:44:40] [ ERROR] [ExceptionController:19] MethodArgumentTypeMismatchException: Failed to convert value of type 'java.lang.String' to required type 'java.lang.Long'; nested exception is java.lang.NumberFormatException: For input string: "undefined"
[2023-11-06 20:44:40] [ ERROR] [ExceptionController:19] MethodArgumentTypeMismatchException: Failed to convert value of type 'java.lang.String' to required type 'java.lang.Long'; nested exception is java.lang.NumberFormatException: For input string: "undefined"
[2023-11-06 20:44:40] [ ERROR] [ExceptionController:19] MethodArgumentTypeMismatchException: Failed to convert value of type 'java.lang.String' to required type 'java.lang.Long'; nested exception is java.lang.NumberFormatException: For input string: "undefined"
[2023-11-06 20:44:40] [ ERROR] [ExceptionController:19] MethodArgumentTypeMismatchException: Failed to convert value of type 'java.lang.String' to required type 'java.lang.Long'; nested exception is java.lang.NumberFormatException: For input string: "undefined"
[2023-11-06 20:44:40] [ ERROR] [ExceptionController:19] MethodArgumentTypeMismatchException: Failed to convert value of type 'java.lang.String' to required type 'java.lang.Long'; nested exception is java.lang.NumberFormatException: For input string: "undefined"
[2023-11-06 20:45:01] [ ERROR] [ExceptionController:19] MethodArgumentTypeMismatchException: Failed to convert value of type 'java.lang.String' to required type 'java.lang.Long'; nested exception is java.lang.NumberFormatException: For input string: "undefined"
[2023-11-06 20:45:01] [ ERROR] [ExceptionController:19] MethodArgumentTypeMismatchException: Failed to convert value of type 'java.lang.String' to required type 'java.lang.Long'; nested exception is java.lang.NumberFormatException: For input string: "undefined"
[2023-11-06 20:45:01] [ ERROR] [ExceptionController:19] MethodArgumentTypeMismatchException: Failed to convert value of type 'java.lang.String' to required type 'java.lang.Long'; nested exception is java.lang.NumberFormatException: For input string: "undefined"
[2023-11-06 20:45:01] [ ERROR] [ExceptionController:19] MethodArgumentTypeMismatchException: Failed to convert value of type 'java.lang.String' to required type 'java.lang.Long'; nested exception is java.lang.NumberFormatException: For input string: "undefined"
[2023-11-06 20:45:01] [ ERROR] [ExceptionController:19] MethodArgumentTypeMismatchException: Failed to convert value of type 'java.lang.String' to required type 'java.lang.Long'; nested exception is java.lang.NumberFormatException: For input string: "undefined"
[2023-11-06 20:45:08] [ ERROR] [ExceptionController:19] MethodArgumentTypeMismatchException: Failed to convert value of type 'java.lang.String' to required type 'java.lang.Long'; nested exception is java.lang.NumberFormatException: For input string: "undefined"
[2023-11-06 20:45:08] [ ERROR] [ExceptionController:19] MethodArgumentTypeMismatchException: Failed to convert value of type 'java.lang.String' to required type 'java.lang.Long'; nested exception is java.lang.NumberFormatException: For input string: "undefined"
[2023-11-06 20:45:08] [ ERROR] [ExceptionController:19] MethodArgumentTypeMismatchException: Failed to convert value of type 'java.lang.String' to required type 'java.lang.Long'; nested exception is java.lang.NumberFormatException: For input string: "undefined"
[2023-11-06 20:45:08] [ ERROR] [ExceptionController:19] MethodArgumentTypeMismatchException: Failed to convert value of type 'java.lang.String' to required type 'java.lang.Long'; nested exception is java.lang.NumberFormatException: For input string: "undefined"
[2023-11-06 20:45:08] [ ERROR] [ExceptionController:19] MethodArgumentTypeMismatchException: Failed to convert value of type 'java.lang.String' to required type 'java.lang.Long'; nested exception is java.lang.NumberFormatException: For input string: "undefined"
[2023-11-06 20:45:15] [ ERROR] [ExceptionController:19] MethodArgumentTypeMismatchException: Failed to convert value of type 'java.lang.String' to required type 'java.lang.Long'; nested exception is java.lang.NumberFormatException: For input string: "undefined"
[2023-11-06 20:45:15] [ ERROR] [ExceptionController:19] MethodArgumentTypeMismatchException: Failed to convert value of type 'java.lang.String' to required type 'java.lang.Long'; nested exception is java.lang.NumberFormatException: For input string: "undefined"
[2023-11-06 20:45:15] [ ERROR] [ExceptionController:19] MethodArgumentTypeMismatchException: Failed to convert value of type 'java.lang.String' to required type 'java.lang.Long'; nested exception is java.lang.NumberFormatException: For input string: "undefined"
[2023-11-06 20:45:15] [ ERROR] [ExceptionController:19] MethodArgumentTypeMismatchException: Failed to convert value of type 'java.lang.String' to required type 'java.lang.Long'; nested exception is java.lang.NumberFormatException: For input string: "undefined"
[2023-11-06 20:45:15] [ ERROR] [ExceptionController:19] MethodArgumentTypeMismatchException: Failed to convert value of type 'java.lang.String' to required type 'java.lang.Long'; nested exception is java.lang.NumberFormatException: For input string: "undefined"
[2023-11-06 20:45:26] [ ERROR] [ExceptionController:19] MethodArgumentTypeMismatchException: Failed to convert value of type 'java.lang.String' to required type 'java.lang.Long'; nested exception is java.lang.NumberFormatException: For input string: "undefined"
[2023-11-06 20:45:26] [ ERROR] [ExceptionController:19] MethodArgumentTypeMismatchException: Failed to convert value of type 'java.lang.String' to required type 'java.lang.Long'; nested exception is java.lang.NumberFormatException: For input string: "undefined"
[2023-11-06 20:45:26] [ ERROR] [ExceptionController:19] MethodArgumentTypeMismatchException: Failed to convert value of type 'java.lang.String' to required type 'java.lang.Long'; nested exception is java.lang.NumberFormatException: For input string: "undefined"
[2023-11-06 20:45:26] [ ERROR] [ExceptionController:19] MethodArgumentTypeMismatchException: Failed to convert value of type 'java.lang.String' to required type 'java.lang.Long'; nested exception is java.lang.NumberFormatException: For input string: "undefined"
[2023-11-06 20:45:26] [ ERROR] [ExceptionController:19] MethodArgumentTypeMismatchException: Failed to convert value of type 'java.lang.String' to required type 'java.lang.Long'; nested exception is java.lang.NumberFormatException: For input string: "undefined"
[2023-11-06 20:45:27] [ ERROR] [ExceptionController:19] MethodArgumentTypeMismatchException: Failed to convert value of type 'java.lang.String' to required type 'java.lang.Long'; nested exception is java.lang.NumberFormatException: For input string: "undefined"
[2023-11-06 20:45:27] [ ERROR] [ExceptionController:19] MethodArgumentTypeMismatchException: Failed to convert value of type 'java.lang.String' to required type 'java.lang.Long'; nested exception is java.lang.NumberFormatException: For input string: "undefined"
[2023-11-06 20:45:27] [ ERROR] [ExceptionController:19] MethodArgumentTypeMismatchException: Failed to convert value of type 'java.lang.String' to required type 'java.lang.Long'; nested exception is java.lang.NumberFormatException: For input string: "undefined"
[2023-11-06 20:45:27] [ ERROR] [ExceptionController:19] MethodArgumentTypeMismatchException: Failed to convert value of type 'java.lang.String' to required type 'java.lang.Long'; nested exception is java.lang.NumberFormatException: For input string: "undefined"
[2023-11-06 20:45:27] [ ERROR] [ExceptionController:19] MethodArgumentTypeMismatchException: Failed to convert value of type 'java.lang.String' to required type 'java.lang.Long'; nested exception is java.lang.NumberFormatException: For input string: "undefined"
[2023-11-06 22:16:28] [ ERROR] [ExceptionController:19] IllegalArgumentException: Cannot deserialize value of type `java.lang.String` from Object value (token `JsonToken.START_OBJECT`)
 at [Source: UNKNOWN; byte offset: #UNKNOWN] (through reference chain: com.viajecito.api.dto.TourDTO["categoria"])
[2023-11-06 22:48:00] [ ERROR] [ExceptionController:19] IllegalArgumentException: Cannot deserialize value of type `java.lang.String` from Object value (token `JsonToken.START_OBJECT`)
 at [Source: UNKNOWN; byte offset: #UNKNOWN] (through reference chain: com.viajecito.api.dto.TourDTO["categoria"])
[2023-11-06 22:49:20] [ ERROR] [ExceptionController:19] IllegalArgumentException: Cannot deserialize value of type `java.lang.String` from Object value (token `JsonToken.START_OBJECT`)
 at [Source: UNKNOWN; byte offset: #UNKNOWN] (through reference chain: com.viajecito.api.dto.TourDTO["categoria"])
[2023-11-06 22:52:00] [ ERROR] [ExceptionController:19] IllegalArgumentException: Cannot deserialize value of type `java.lang.String` from Object value (token `JsonToken.START_OBJECT`)
 at [Source: UNKNOWN; byte offset: #UNKNOWN] (through reference chain: com.viajecito.api.dto.TourDTO["categoria"])
[2023-11-06 22:55:04] [ ERROR] [ExceptionController:19] IllegalArgumentException: Cannot deserialize value of type `java.lang.String` from Object value (token `JsonToken.START_OBJECT`)
 at [Source: UNKNOWN; byte offset: #UNKNOWN] (through reference chain: com.viajecito.api.dto.TourDTO["categoria"])
[2023-11-06 23:06:16] [ ERROR] [ExceptionController:19] IllegalArgumentException: Cannot deserialize value of type `java.lang.String` from Object value (token `JsonToken.START_OBJECT`)
 at [Source: UNKNOWN; byte offset: #UNKNOWN] (through reference chain: com.viajecito.api.dto.TourSimpleDTO["categoria"])
[2023-11-06 23:17:39] [ ERROR] [ExceptionController:19] IllegalArgumentException: Cannot deserialize value of type `long` from String "Playas": not a valid `long` value
 at [Source: UNKNOWN; byte offset: #UNKNOWN] (through reference chain: com.viajecito.api.model.Tour["categoria"])
[2023-11-06 23:21:23] [ ERROR] [ExceptionController:19] IllegalArgumentException: Cannot deserialize value of type `java.lang.String` from Object value (token `JsonToken.START_OBJECT`)
 at [Source: UNKNOWN; byte offset: #UNKNOWN] (through reference chain: com.viajecito.api.dto.TourDTO["categoria"])
[2023-11-06 23:27:26] [ ERROR] [ExceptionController:19] NullPointerException: Cannot invoke "java.util.Collection.add(Object)" because "collection" is null
[2023-11-06 23:36:43] [ ERROR] [ExceptionController:19] MethodArgumentTypeMismatchException: Failed to convert value of type 'java.lang.String' to required type 'java.lang.Long'; nested exception is java.lang.NumberFormatException: For input string: "undefined"
[2023-11-06 23:36:43] [ ERROR] [ExceptionController:19] MethodArgumentTypeMismatchException: Failed to convert value of type 'java.lang.String' to required type 'java.lang.Long'; nested exception is java.lang.NumberFormatException: For input string: "undefined"
[2023-11-06 23:36:43] [ ERROR] [ExceptionController:19] MethodArgumentTypeMismatchException: Failed to convert value of type 'java.lang.String' to required type 'java.lang.Long'; nested exception is java.lang.NumberFormatException: For input string: "undefined"
[2023-11-06 23:36:43] [ ERROR] [ExceptionController:19] MethodArgumentTypeMismatchException: Failed to convert value of type 'java.lang.String' to required type 'java.lang.Long'; nested exception is java.lang.NumberFormatException: For input string: "undefined"
[2023-11-06 23:36:43] [ ERROR] [ExceptionController:19] MethodArgumentTypeMismatchException: Failed to convert value of type 'java.lang.String' to required type 'java.lang.Long'; nested exception is java.lang.NumberFormatException: For input string: "undefined"
[2023-11-06 23:36:43] [ ERROR] [ExceptionController:19] MethodArgumentTypeMismatchException: Failed to convert value of type 'java.lang.String' to required type 'java.lang.Long'; nested exception is java.lang.NumberFormatException: For input string: "undefined"
[2023-11-06 23:49:24] [ ERROR] [ExceptionController:19] MethodArgumentTypeMismatchException: Failed to convert value of type 'java.lang.String' to required type 'java.lang.Long'; nested exception is java.lang.NumberFormatException: For input string: "undefined"
[2023-11-06 23:49:24] [ ERROR] [ExceptionController:19] MethodArgumentTypeMismatchException: Failed to convert value of type 'java.lang.String' to required type 'java.lang.Long'; nested exception is java.lang.NumberFormatException: For input string: "undefined"
[2023-11-06 23:49:24] [ ERROR] [ExceptionController:19] MethodArgumentTypeMismatchException: Failed to convert value of type 'java.lang.String' to required type 'java.lang.Long'; nested exception is java.lang.NumberFormatException: For input string: "undefined"
[2023-11-06 23:49:24] [ ERROR] [ExceptionController:19] MethodArgumentTypeMismatchException: Failed to convert value of type 'java.lang.String' to required type 'java.lang.Long'; nested exception is java.lang.NumberFormatException: For input string: "undefined"
[2023-11-06 23:49:24] [ ERROR] [ExceptionController:19] MethodArgumentTypeMismatchException: Failed to convert value of type 'java.lang.String' to required type 'java.lang.Long'; nested exception is java.lang.NumberFormatException: For input string: "undefined"
[2023-11-06 23:49:24] [ ERROR] [ExceptionController:19] MethodArgumentTypeMismatchException: Failed to convert value of type 'java.lang.String' to required type 'java.lang.Long'; nested exception is java.lang.NumberFormatException: For input string: "undefined"
[2023-11-06 23:49:28] [ ERROR] [ExceptionController:19] MethodArgumentTypeMismatchException: Failed to convert value of type 'java.lang.String' to required type 'java.lang.Long'; nested exception is java.lang.NumberFormatException: For input string: "undefined"
[2023-11-06 23:49:28] [ ERROR] [ExceptionController:19] MethodArgumentTypeMismatchException: Failed to convert value of type 'java.lang.String' to required type 'java.lang.Long'; nested exception is java.lang.NumberFormatException: For input string: "undefined"
[2023-11-06 23:49:28] [ ERROR] [ExceptionController:19] MethodArgumentTypeMismatchException: Failed to convert value of type 'java.lang.String' to required type 'java.lang.Long'; nested exception is java.lang.NumberFormatException: For input string: "undefined"
[2023-11-06 23:49:28] [ ERROR] [ExceptionController:19] MethodArgumentTypeMismatchException: Failed to convert value of type 'java.lang.String' to required type 'java.lang.Long'; nested exception is java.lang.NumberFormatException: For input string: "undefined"
[2023-11-06 23:49:28] [ ERROR] [ExceptionController:19] MethodArgumentTypeMismatchException: Failed to convert value of type 'java.lang.String' to required type 'java.lang.Long'; nested exception is java.lang.NumberFormatException: For input string: "undefined"
[2023-11-06 23:49:28] [ ERROR] [ExceptionController:19] MethodArgumentTypeMismatchException: Failed to convert value of type 'java.lang.String' to required type 'java.lang.Long'; nested exception is java.lang.NumberFormatException: For input string: "undefined"
[2023-11-06 23:49:31] [ ERROR] [ExceptionController:19] MethodArgumentTypeMismatchException: Failed to convert value of type 'java.lang.String' to required type 'java.lang.Long'; nested exception is java.lang.NumberFormatException: For input string: "undefined"
[2023-11-06 23:49:31] [ ERROR] [ExceptionController:19] MethodArgumentTypeMismatchException: Failed to convert value of type 'java.lang.String' to required type 'java.lang.Long'; nested exception is java.lang.NumberFormatException: For input string: "undefined"
[2023-11-06 23:49:31] [ ERROR] [ExceptionController:19] MethodArgumentTypeMismatchException: Failed to convert value of type 'java.lang.String' to required type 'java.lang.Long'; nested exception is java.lang.NumberFormatException: For input string: "undefined"
[2023-11-06 23:49:31] [ ERROR] [ExceptionController:19] MethodArgumentTypeMismatchException: Failed to convert value of type 'java.lang.String' to required type 'java.lang.Long'; nested exception is java.lang.NumberFormatException: For input string: "undefined"
[2023-11-06 23:49:31] [ ERROR] [ExceptionController:19] MethodArgumentTypeMismatchException: Failed to convert value of type 'java.lang.String' to required type 'java.lang.Long'; nested exception is java.lang.NumberFormatException: For input string: "undefined"
[2023-11-06 23:49:31] [ ERROR] [ExceptionController:19] MethodArgumentTypeMismatchException: Failed to convert value of type 'java.lang.String' to required type 'java.lang.Long'; nested exception is java.lang.NumberFormatException: For input string: "undefined"
[2023-11-06 23:51:16] [ ERROR] [ExceptionController:19] MethodArgumentTypeMismatchException: Failed to convert value of type 'java.lang.String' to required type 'java.lang.Long'; nested exception is java.lang.NumberFormatException: For input string: "undefined"
[2023-11-06 23:51:16] [ ERROR] [ExceptionController:19] MethodArgumentTypeMismatchException: Failed to convert value of type 'java.lang.String' to required type 'java.lang.Long'; nested exception is java.lang.NumberFormatException: For input string: "undefined"
[2023-11-06 23:51:16] [ ERROR] [ExceptionController:19] MethodArgumentTypeMismatchException: Failed to convert value of type 'java.lang.String' to required type 'java.lang.Long'; nested exception is java.lang.NumberFormatException: For input string: "undefined"
[2023-11-06 23:51:16] [ ERROR] [ExceptionController:19] MethodArgumentTypeMismatchException: Failed to convert value of type 'java.lang.String' to required type 'java.lang.Long'; nested exception is java.lang.NumberFormatException: For input string: "undefined"
[2023-11-06 23:51:16] [ ERROR] [ExceptionController:19] MethodArgumentTypeMismatchException: Failed to convert value of type 'java.lang.String' to required type 'java.lang.Long'; nested exception is java.lang.NumberFormatException: For input string: "undefined"
[2023-11-06 23:51:16] [ ERROR] [ExceptionController:19] MethodArgumentTypeMismatchException: Failed to convert value of type 'java.lang.String' to required type 'java.lang.Long'; nested exception is java.lang.NumberFormatException: For input string: "undefined"
[2023-11-07 00:00:49] [ ERROR] [ExceptionController:19] NoSuchElementException: No value present
[2023-11-07 00:04:50] [ ERROR] [ExceptionController:25] BadRequestException: No es posible eliminar el tour: com.viajecito.api.exception.BadRequestException: No se ha encontrado un Tour con ID: 99
[2023-11-07 00:10:24] [ ERROR] [ExceptionController:19] MethodArgumentTypeMismatchException: Failed to convert value of type 'java.lang.String' to required type 'java.lang.Long'; nested exception is java.lang.NumberFormatException: For input string: "undefined"
[2023-11-07 00:10:24] [ ERROR] [ExceptionController:19] MethodArgumentTypeMismatchException: Failed to convert value of type 'java.lang.String' to required type 'java.lang.Long'; nested exception is java.lang.NumberFormatException: For input string: "undefined"
[2023-11-07 00:10:24] [ ERROR] [ExceptionController:19] MethodArgumentTypeMismatchException: Failed to convert value of type 'java.lang.String' to required type 'java.lang.Long'; nested exception is java.lang.NumberFormatException: For input string: "undefined"
[2023-11-07 00:10:24] [ ERROR] [ExceptionController:19] MethodArgumentTypeMismatchException: Failed to convert value of type 'java.lang.String' to required type 'java.lang.Long'; nested exception is java.lang.NumberFormatException: For input string: "undefined"
[2023-11-07 00:10:24] [ ERROR] [ExceptionController:19] MethodArgumentTypeMismatchException: Failed to convert value of type 'java.lang.String' to required type 'java.lang.Long'; nested exception is java.lang.NumberFormatException: For input string: "undefined"
[2023-11-07 00:10:24] [ ERROR] [ExceptionController:19] MethodArgumentTypeMismatchException: Failed to convert value of type 'java.lang.String' to required type 'java.lang.Long'; nested exception is java.lang.NumberFormatException: For input string: "undefined"
[2023-11-07 00:27:14] [ ERROR] [ExceptionController:19] MethodArgumentTypeMismatchException: Failed to convert value of type 'java.lang.String' to required type 'java.lang.Long'; nested exception is java.lang.NumberFormatException: For input string: "undefined"
[2023-11-07 00:30:04] [ ERROR] [ExceptionController:19] MethodArgumentTypeMismatchException: Failed to convert value of type 'java.lang.String' to required type 'java.lang.Long'; nested exception is java.lang.NumberFormatException: For input string: "undefined"
[2023-11-07 23:18:39] [ ERROR] [ExceptionController:39] BadRuntimeException FALTAN PARAMETROS: El parámetro 'email' es obligatorio
[2023-11-07 23:51:34] [ ERROR] [ExceptionController:39] BadRuntimeException FALTAN PARAMETROS: El parámetro 'nombre' es obligatorio
[2023-11-07 23:53:33] [ ERROR] [ExceptionController:39] BadRuntimeException FALTAN PARAMETROS: El parámetro 'nombre' es obligatorio
[2023-11-08 00:10:00] [ ERROR] [ExceptionController:39] BadRuntimeException FALTAN PARAMETROS: El parámetro 'nombre' es obligatorio
[2023-11-08 00:21:52] [ ERROR] [ExceptionController:39] BadRuntimeException FALTAN PARAMETROS: El parámetro 'email' es obligatorio
[2023-11-08 00:29:09] [ ERROR] [ExceptionController:19] IllegalArgumentException: When allowCredentials is true, allowedOrigins cannot contain the special value "*" since that cannot be set on the "Access-Control-Allow-Origin" response header. To allow credentials to a set of origins, list them explicitly or consider using "allowedOriginPatterns" instead.
[2023-11-08 00:29:52] [ ERROR] [ExceptionController:19] IllegalArgumentException: When allowCredentials is true, allowedOrigins cannot contain the special value "*" since that cannot be set on the "Access-Control-Allow-Origin" response header. To allow credentials to a set of origins, list them explicitly or consider using "allowedOriginPatterns" instead.
[2023-11-08 00:31:04] [ ERROR] [ExceptionController:39] BadRuntimeException FALTAN PARAMETROS: El parámetro 'email' es obligatorio
[2023-11-08 00:38:25] [ ERROR] [ExceptionController:19] IllegalArgumentException: When allowCredentials is true, allowedOrigins cannot contain the special value "*" since that cannot be set on the "Access-Control-Allow-Origin" response header. To allow credentials to a set of origins, list them explicitly or consider using "allowedOriginPatterns" instead.
[2023-11-08 01:15:02] [ ERROR] [ExceptionController:39] BadRuntimeException FALTAN PARAMETROS: El parámetro 'email' es obligatorio
[2023-11-08 01:15:49] [ ERROR] [ExceptionController:39] BadRuntimeException FALTAN PARAMETROS: El parámetro 'email' es obligatorio
[2023-11-08 01:21:37] [ ERROR] [ExceptionController:25] BadRequestException: Ya existe un usuario con el email ingresado
[2023-11-08 01:23:11] [ ERROR] [ExceptionController:25] BadRequestException: Ya existe un usuario con el email ingresado
[2023-11-08 01:26:20] [ ERROR] [ExceptionController:25] BadRequestException: Ya existe un usuario con el email ingresado
[2023-11-08 01:26:45] [ ERROR] [ExceptionController:25] BadRequestException: Ya existe un usuario con el email ingresado
[2023-11-08 01:27:41] [ ERROR] [ExceptionController:25] BadRequestException: Ya existe un usuario con el email ingresado
[2023-11-08 01:29:22] [ ERROR] [ExceptionController:25] BadRequestException: Ya existe un usuario con el email ingresado
[2023-11-08 01:32:35] [ ERROR] [ExceptionController:25] BadRequestException: Ya existe un usuario con el email ingresado
[2023-11-08 01:34:22] [ ERROR] [ExceptionController:25] BadRequestException: Ya existe un usuario con el email ingresado
[2023-11-08 01:35:57] [ ERROR] [ExceptionController:25] BadRequestException: Ya existe un usuario con el email ingresado
[2023-11-08 01:36:32] [ ERROR] [ExceptionController:25] BadRequestException: Ya existe un usuario con el email ingresado
[2023-11-08 01:37:04] [ ERROR] [ExceptionController:25] BadRequestException: Ya existe un usuario con el email ingresado
[2023-11-08 08:31:19] [ ERROR] [ExceptionController:39] BadRuntimeException FALTAN PARAMETROS: El parámetro 'email' es obligatorio
[2023-11-08 19:05:52] [ ERROR] [ExceptionController:39] BadRuntimeException FALTAN PARAMETROS: El parámetro 'categoria' es obligatorio
[2023-11-08 19:11:35] [ ERROR] [ExceptionController:39] BadRuntimeException FALTAN PARAMETROS: El parámetro 'categoria' es obligatorio
[2023-11-08 19:16:25] [ ERROR] [ExceptionController:39] BadRuntimeException FALTAN PARAMETROS: El parámetro 'pasajes' es obligatorio
[2023-11-08 19:21:08] [ ERROR] [ExceptionController:32] BadRuntimeException FALTAN DATOS: El parámetro 'imagenes' es obligatorio
[2023-11-08 19:22:28] [ ERROR] [ExceptionController:32] BadRuntimeException FALTAN DATOS: El parámetro 'imagenes' es obligatorio
[2023-11-08 19:23:45] [ ERROR] [ExceptionController:32] BadRuntimeException FALTAN DATOS: El parámetro 'imagenes' es obligatorio
[2023-11-08 19:25:36] [ ERROR] [ExceptionController:39] BadRuntimeException FALTAN PARAMETROS: El parámetro 'precio' es obligatorio
[2023-11-08 19:28:24] [ ERROR] [ExceptionController:39] BadRuntimeException FALTAN PARAMETROS: El parámetro 'dificultad' es obligatorio
[2023-11-08 19:38:07] [ ERROR] [ExceptionController:39] BadRuntimeException FALTAN PARAMETROS: El parámetro 'precio' es obligatorio
[2023-11-08 19:39:48] [ ERROR] [ExceptionController:39] BadRuntimeException FALTAN PARAMETROS: El parámetro 'precio' es obligatorio
[2023-11-08 19:45:40] [ ERROR] [ExceptionController:41] BadRuntimeException FALTAN PARAMETROS: El parámetro 'precio' es obligatorio
[2023-11-08 19:46:10] [ ERROR] [ExceptionController:41] BadRuntimeException FALTAN PARAMETROS: El parámetro 'guia' es obligatorio
[2023-11-08 19:47:10] [ ERROR] [ExceptionController:34] BadRuntimeException FALTAN DATOS: El parámetro 'imagenes' es obligatorio
[2023-11-08 19:50:54] [ ERROR] [ExceptionController:34] BadRuntimeException FALTAN DATOS: El parámetro 'imagenes' es obligatorio
[2023-11-08 19:51:16] [ ERROR] [ExceptionController:34] BadRuntimeException FALTAN DATOS: El parámetro 'imagenes' es obligatorio
[2023-11-08 19:58:17] [ ERROR] [ExceptionController:34] BadRuntimeException FALTAN DATOS: El parámetro 'imagenes' es obligatorio
[2023-11-08 20:03:40] [ ERROR] [ExceptionController:34] BadRuntimeException FALTAN DATOS: El parámetro 'imagenes' es obligatorio
[2023-11-08 20:09:03] [ ERROR] [ExceptionController:34] BadRuntimeException FALTAN DATOS: El parámetro 'imagenes' es obligatorio
[2023-11-08 20:10:59] [ ERROR] [ExceptionController:34] BadRuntimeException FALTAN DATOS: El parámetro 'imagenes' es obligatorio
[2023-11-08 20:13:08] [ ERROR] [ExceptionController:34] BadRuntimeException FALTAN DATOS: El parámetro 'imagenes' es obligatorio
[2023-11-08 20:13:47] [ ERROR] [ExceptionController:34] BadRuntimeException FALTAN DATOS: El parámetro 'imagenes' es obligatorio
[2023-11-08 20:15:17] [ ERROR] [ExceptionController:34] BadRuntimeException FALTAN DATOS: El parámetro 'imagenes' es obligatorio
[2023-11-08 20:16:11] [ ERROR] [ExceptionController:34] BadRuntimeException FALTAN DATOS: El parámetro 'imagenes' es obligatorio
[2023-11-08 20:17:29] [ ERROR] [ExceptionController:34] BadRuntimeException FALTAN DATOS: El parámetro 'imagenes' es obligatorio
[2023-11-08 20:26:51] [ ERROR] [ExceptionController:34] BadRuntimeException FALTAN DATOS: El parámetro 'imagenes' es obligatorio
[2023-11-08 20:28:08] [ ERROR] [ExceptionController:34] BadRuntimeException FALTAN DATOS: El parámetro 'imagenes' es obligatorio
[2023-11-08 20:29:15] [ ERROR] [ExceptionController:34] BadRuntimeException FALTAN DATOS: El parámetro 'imagenes' es obligatorio
[2023-11-08 20:35:52] [ ERROR] [ExceptionController:34] BadRuntimeException FALTAN DATOS: El parámetro 'imagenes' es obligatorio
[2023-11-08 20:45:40] [ ERROR] [ExceptionController:21] MultipartException: Failed to parse multipart servlet request; nested exception is org.apache.tomcat.util.http.fileupload.FileUploadException: the request was rejected because no multipart boundary was found
[2023-11-08 20:53:09] [ ERROR] [ExceptionController:21] MultipartException: Failed to parse multipart servlet request; nested exception is org.apache.tomcat.util.http.fileupload.FileUploadException: the request was rejected because no multipart boundary was found
[2023-11-08 22:19:36] [ ERROR] [ExceptionController:41] BadRuntimeException FALTAN PARAMETROS: El parámetro 'nombre' es obligatorio
[2023-11-08 22:23:46] [ ERROR] [ExceptionController:41] BadRuntimeException FALTAN PARAMETROS: El parámetro 'nombre' es obligatorio
[2023-11-08 22:24:37] [ ERROR] [ExceptionController:41] BadRuntimeException FALTAN PARAMETROS: El parámetro 'nombre' es obligatorio
[2023-11-08 22:54:12] [ ERROR] [ExceptionController:41] BadRuntimeException FALTAN PARAMETROS: El parámetro 'nombre' es obligatorio
[2023-11-08 22:56:13] [ ERROR] [ExceptionController:41] BadRuntimeException FALTAN PARAMETROS: El parámetro 'nombre' es obligatorio
[2023-11-08 22:57:32] [ ERROR] [ExceptionController:41] BadRuntimeException FALTAN PARAMETROS: El parámetro 'nombre' es obligatorio
[2023-11-08 22:58:12] [ ERROR] [ExceptionController:41] BadRuntimeException FALTAN PARAMETROS: El parámetro 'nombre' es obligatorio
[2023-11-08 23:02:10] [ ERROR] [ExceptionController:41] BadRuntimeException FALTAN PARAMETROS: El parámetro 'nombre' es obligatorio
[2023-11-08 23:02:41] [ ERROR] [ExceptionController:41] BadRuntimeException FALTAN PARAMETROS: El parámetro 'nombre' es obligatorio
[2023-11-08 23:07:24] [ ERROR] [ExceptionController:41] BadRuntimeException FALTAN PARAMETROS: El parámetro 'nombre' es obligatorio
[2023-11-08 23:08:30] [ ERROR] [ExceptionController:41] BadRuntimeException FALTAN PARAMETROS: El parámetro 'nombre' es obligatorio
[2023-11-08 23:08:49] [ ERROR] [ExceptionController:41] BadRuntimeException FALTAN PARAMETROS: El parámetro 'nombre' es obligatorio
[2023-11-08 23:09:15] [ ERROR] [ExceptionController:41] BadRuntimeException FALTAN PARAMETROS: El parámetro 'nombre' es obligatorio
[2023-11-08 23:09:34] [ ERROR] [ExceptionController:41] BadRuntimeException FALTAN PARAMETROS: El parámetro 'nombre' es obligatorio
[2023-11-08 23:10:56] [ ERROR] [ExceptionController:41] BadRuntimeException FALTAN PARAMETROS: El parámetro 'nombre' es obligatorio
